


ARM Macro Assembler    Page 1 


    1 00000000         ;*******************************************************
                       *******************
    2 00000000         ;* @file     startup_at32f413.s
    3 00000000         ;* @brief    at32f413 startup file for keil
    4 00000000         ;* <<< Use Configuration Wizard in Context Menu >>>  
    5 00000000         ;*******************************************************
                       *******************
    6 00000000         ;
    7 00000000         
    8 00000000         ; Amount of memory (in bytes) allocated for Stack
    9 00000000         ; Tailor this value to your application needs
   10 00000000         ; <h> Stack Configuration
   11 00000000         ;   <o> Stack Size (in Bytes) <0x0-0xFFFFFFFF:8>
   12 00000000         ; </h>
   13 00000000         
   14 00000000 00000400 
                       Stack_Size
                               EQU              0x00000400
   15 00000000         
   16 00000000                 AREA             STACK, NOINIT, READWRITE, ALIGN
=3
   17 00000000         Stack_Mem
                               SPACE            Stack_Size
   18 00000400         __initial_sp
   19 00000400         
   20 00000400         ; <h> Heap Configuration
   21 00000400         ;   <o>  Heap Size (in Bytes) <0x0-0xFFFFFFFF:8>
   22 00000400         ; </h>
   23 00000400         
   24 00000400 00000200 
                       Heap_Size
                               EQU              0x00000200
   25 00000400         
   26 00000400                 AREA             HEAP, NOINIT, READWRITE, ALIGN=
3
   27 00000000         __heap_base
   28 00000000         Heap_Mem
                               SPACE            Heap_Size
   29 00000200         __heap_limit
   30 00000200         
   31 00000200                 PRESERVE8
   32 00000200                 THUMB
   33 00000200         
   34 00000200         
   35 00000200         ; Vector Table Mapped to Address 0 at Reset
   36 00000200                 AREA             RESET, DATA, READONLY
   37 00000000                 EXPORT           __Vectors
   38 00000000                 EXPORT           __Vectors_End
   39 00000000                 EXPORT           __Vectors_Size
   40 00000000         
   41 00000000 00000000 
                       __Vectors
                               DCD              __initial_sp ; Top of Stack
   42 00000004 00000000        DCD              Reset_Handler ; Reset Handler
   43 00000008 00000000        DCD              NMI_Handler ; NMI Handler
   44 0000000C 00000000        DCD              HardFault_Handler ; Hard Fault 
                                                            Handler
   45 00000010 00000000        DCD              MemManage_Handler 
                                                            ; MPU Fault Handler



ARM Macro Assembler    Page 2 


                                                            
   46 00000014 00000000        DCD              BusFault_Handler 
                                                            ; Bus Fault Handler
                                                            
   47 00000018 00000000        DCD              UsageFault_Handler ; Usage Faul
                                                            t Handler
   48 0000001C 00000000        DCD              0           ; Reserved
   49 00000020 00000000        DCD              0           ; Reserved
   50 00000024 00000000        DCD              0           ; Reserved
   51 00000028 00000000        DCD              0           ; Reserved
   52 0000002C 00000000        DCD              SVC_Handler ; SVCall Handler
   53 00000030 00000000        DCD              DebugMon_Handler ; Debug Monito
                                                            r Handler
   54 00000034 00000000        DCD              0           ; Reserved
   55 00000038 00000000        DCD              PendSV_Handler ; PendSV Handler
                                                            
   56 0000003C 00000000        DCD              SysTick_Handler 
                                                            ; SysTick Handler
   57 00000040         
   58 00000040         ; External Interrupts
   59 00000040 00000000        DCD              WWDT_IRQHandler ; Window Watchd
                                                            og Timer
   60 00000044 00000000        DCD              PVM_IRQHandler ; PVM through EX
                                                            INT Line detect
   61 00000048 00000000        DCD              TAMPER_IRQHandler ; Tamper
   62 0000004C 00000000        DCD              RTC_IRQHandler ; RTC
   63 00000050 00000000        DCD              FLASH_IRQHandler ; Flash
   64 00000054 00000000        DCD              CRM_IRQHandler ; CRM
   65 00000058 00000000        DCD              EXINT0_IRQHandler 
                                                            ; EXINT Line 0
   66 0000005C 00000000        DCD              EXINT1_IRQHandler 
                                                            ; EXINT Line 1
   67 00000060 00000000        DCD              EXINT2_IRQHandler 
                                                            ; EXINT Line 2
   68 00000064 00000000        DCD              EXINT3_IRQHandler 
                                                            ; EXINT Line 3
   69 00000068 00000000        DCD              EXINT4_IRQHandler 
                                                            ; EXINT Line 4
   70 0000006C 00000000        DCD              DMA1_Channel1_IRQHandler 
                                                            ; DMA1 Channel 1
   71 00000070 00000000        DCD              DMA1_Channel2_IRQHandler 
                                                            ; DMA1 Channel 2
   72 00000074 00000000        DCD              DMA1_Channel3_IRQHandler 
                                                            ; DMA1 Channel 3
   73 00000078 00000000        DCD              DMA1_Channel4_IRQHandler 
                                                            ; DMA1 Channel 4
   74 0000007C 00000000        DCD              DMA1_Channel5_IRQHandler 
                                                            ; DMA1 Channel 5
   75 00000080 00000000        DCD              DMA1_Channel6_IRQHandler 
                                                            ; DMA1 Channel 6
   76 00000084 00000000        DCD              DMA1_Channel7_IRQHandler 
                                                            ; DMA1 Channel 7
   77 00000088 00000000        DCD              ADC1_2_IRQHandler ; ADC1 & ADC2
                                                            
   78 0000008C 00000000        DCD              USBFS_H_CAN1_TX_IRQHandler ; US
                                                            B High Priority or 
                                                            CAN1 TX
   79 00000090 00000000        DCD              USBFS_L_CAN1_RX0_IRQHandler ; U
                                                            SB Low  Priority or



ARM Macro Assembler    Page 3 


                                                             CAN1 RX0
   80 00000094 00000000        DCD              CAN1_RX1_IRQHandler ; CAN1 RX1
   81 00000098 00000000        DCD              CAN1_SE_IRQHandler ; CAN1 SE
   82 0000009C 00000000        DCD              EXINT9_5_IRQHandler 
                                                            ; EXINT Line [9:5]
   83 000000A0 00000000        DCD              TMR1_BRK_TMR9_IRQHandler ; TMR1
                                                             Brake and TMR9
   84 000000A4 00000000        DCD              TMR1_OVF_TMR10_IRQHandler ; TMR
                                                            1 overflow and TMR1
                                                            0
   85 000000A8 00000000        DCD              TMR1_TRG_HALL_TMR11_IRQHandler 
                                                            ; TMR1 Trigger and 
                                                            hall and TMR11
   86 000000AC 00000000        DCD              TMR1_CH_IRQHandler 
                                                            ; TMR1 channel
   87 000000B0 00000000        DCD              TMR2_GLOBAL_IRQHandler ; TMR2
   88 000000B4 00000000        DCD              TMR3_GLOBAL_IRQHandler ; TMR3
   89 000000B8 00000000        DCD              TMR4_GLOBAL_IRQHandler ; TMR4
   90 000000BC 00000000        DCD              I2C1_EVT_IRQHandler 
                                                            ; I2C1 Event
   91 000000C0 00000000        DCD              I2C1_ERR_IRQHandler 
                                                            ; I2C1 Error
   92 000000C4 00000000        DCD              I2C2_EVT_IRQHandler 
                                                            ; I2C2 Event
   93 000000C8 00000000        DCD              I2C2_ERR_IRQHandler 
                                                            ; I2C2 Error
   94 000000CC 00000000        DCD              SPI1_IRQHandler ; SPI1
   95 000000D0 00000000        DCD              SPI2_IRQHandler ; SPI2
   96 000000D4 00000000        DCD              USART1_IRQHandler ; USART1
   97 000000D8 00000000        DCD              USART2_IRQHandler ; USART2
   98 000000DC 00000000        DCD              USART3_IRQHandler ; USART3
   99 000000E0 00000000        DCD              EXINT15_10_IRQHandler ; EXINT L
                                                            ine [15:10]
  100 000000E4 00000000        DCD              RTCAlarm_IRQHandler ; RTC Alarm
                                                             through EXINT Line
                                                            
  101 000000E8 00000000        DCD              USBFSWakeUp_IRQHandler ; USB Wa
                                                            keup from suspend
  102 000000EC 00000000        DCD              TMR8_BRK_IRQHandler 
                                                            ; TMR8 Brake
  103 000000F0 00000000        DCD              TMR8_OVF_IRQHandler 
                                                            ; TMR8 overflow
  104 000000F4 00000000        DCD              TMR8_TRG_HALL_IRQHandler ; TMR8
                                                             Trigger and hall
  105 000000F8 00000000        DCD              TMR8_CH_IRQHandler 
                                                            ; TMR8 channel
  106 000000FC 00000000        DCD              0           ; Reserved
  107 00000100 00000000        DCD              0           ; Reserved
  108 00000104 00000000        DCD              SDIO1_IRQHandler ; SDIO1
  109 00000108 00000000        DCD              TMR5_GLOBAL_IRQHandler ; TMR5
  110 0000010C 00000000        DCD              0           ; Reserved
  111 00000110 00000000        DCD              UART4_IRQHandler ; UART4
  112 00000114 00000000        DCD              UART5_IRQHandler ; UART5
  113 00000118 00000000        DCD              0           ; Reserved
  114 0000011C 00000000        DCD              0           ; Reserved
  115 00000120 00000000        DCD              DMA2_Channel1_IRQHandler 
                                                            ; DMA2 Channel1
  116 00000124 00000000        DCD              DMA2_Channel2_IRQHandler 
                                                            ; DMA2 Channel2



ARM Macro Assembler    Page 4 


  117 00000128 00000000        DCD              DMA2_Channel3_IRQHandler 
                                                            ; DMA2 Channel3
  118 0000012C 00000000        DCD              DMA2_Channel4_5_IRQHandler ; DM
                                                            A2 Channel4 & Chann
                                                            el5
  119 00000130 00000000        DCD              0           ; Reserved
  120 00000134 00000000        DCD              0           ; Reserved
  121 00000138 00000000        DCD              0           ; Reserved
  122 0000013C 00000000        DCD              0           ; Reserved
  123 00000140 00000000        DCD              0           ; Reserved
  124 00000144 00000000        DCD              0           ; Reserved
  125 00000148 00000000        DCD              0           ; Reserved
  126 0000014C 00000000        DCD              0           ; Reserved
  127 00000150 00000000        DCD              CAN2_TX_IRQHandler ; CAN2 TX
  128 00000154 00000000        DCD              CAN2_RX0_IRQHandler ; CAN2 RX0
  129 00000158 00000000        DCD              CAN2_RX1_IRQHandler ; CAN2 RX1
  130 0000015C 00000000        DCD              CAN2_SE_IRQHandler ; CAN2 SE
  131 00000160 00000000        DCD              ACC_IRQHandler ; ACC
  132 00000164 00000000        DCD              USBFS_MAPH_IRQHandler 
                                                            ; USB Map High
  133 00000168 00000000        DCD              USBFS_MAPL_IRQHandler 
                                                            ; USB Map Low
  134 0000016C 00000000        DCD              DMA2_Channel6_7_IRQHandler ; DM
                                                            A2 Channel6 & Chann
                                                            el7
  135 00000170         __Vectors_End
  136 00000170         
  137 00000170 00000170 
                       __Vectors_Size
                               EQU              __Vectors_End - __Vectors
  138 00000170         
  139 00000170                 AREA             |.text|, CODE, READONLY
  140 00000000         
  141 00000000         ; Reset handler
  142 00000000         Reset_Handler
                               PROC
  143 00000000                 EXPORT           Reset_Handler                  
     [WEAK]
  144 00000000                 IMPORT           __main
  145 00000000                 IMPORT           SystemInit
  146 00000000 4809            LDR              R0, =SystemInit
  147 00000002 4780            BLX              R0
  148 00000004 4809            LDR              R0, =__main
  149 00000006 4700            BX               R0
  150 00000008                 ENDP
  151 00000008         
  152 00000008         ; Dummy Exception Handlers (infinite loops which can be 
                       modified)
  153 00000008         
  154 00000008         NMI_Handler
                               PROC
  155 00000008                 EXPORT           NMI_Handler                    
     [WEAK]
  156 00000008 E7FE            B                .
  157 0000000A                 ENDP
  159 0000000A         HardFault_Handler
                               PROC
  160 0000000A                 EXPORT           HardFault_Handler              
     [WEAK]



ARM Macro Assembler    Page 5 


  161 0000000A E7FE            B                .
  162 0000000C                 ENDP
  164 0000000C         MemManage_Handler
                               PROC
  165 0000000C                 EXPORT           MemManage_Handler              
     [WEAK]
  166 0000000C E7FE            B                .
  167 0000000E                 ENDP
  169 0000000E         BusFault_Handler
                               PROC
  170 0000000E                 EXPORT           BusFault_Handler               
     [WEAK]
  171 0000000E E7FE            B                .
  172 00000010                 ENDP
  174 00000010         UsageFault_Handler
                               PROC
  175 00000010                 EXPORT           UsageFault_Handler             
     [WEAK]
  176 00000010 E7FE            B                .
  177 00000012                 ENDP
  178 00000012         SVC_Handler
                               PROC
  179 00000012                 EXPORT           SVC_Handler                    
     [WEAK]
  180 00000012 E7FE            B                .
  181 00000014                 ENDP
  183 00000014         DebugMon_Handler
                               PROC
  184 00000014                 EXPORT           DebugMon_Handler               
     [WEAK]
  185 00000014 E7FE            B                .
  186 00000016                 ENDP
  187 00000016         PendSV_Handler
                               PROC
  188 00000016                 EXPORT           PendSV_Handler                 
     [WEAK]
  189 00000016 E7FE            B                .
  190 00000018                 ENDP
  191 00000018         SysTick_Handler
                               PROC
  192 00000018                 EXPORT           SysTick_Handler                
     [WEAK]
  193 00000018 E7FE            B                .
  194 0000001A                 ENDP
  195 0000001A         
  196 0000001A         Default_Handler
                               PROC
  197 0000001A         
  198 0000001A                 EXPORT           WWDT_IRQHandler                
     [WEAK]
  199 0000001A                 EXPORT           PVM_IRQHandler                 
     [WEAK]
  200 0000001A                 EXPORT           TAMPER_IRQHandler              
     [WEAK]
  201 0000001A                 EXPORT           RTC_IRQHandler                 
     [WEAK]
  202 0000001A                 EXPORT           FLASH_IRQHandler               
     [WEAK]
  203 0000001A                 EXPORT           CRM_IRQHandler                 



ARM Macro Assembler    Page 6 


     [WEAK]
  204 0000001A                 EXPORT           EXINT0_IRQHandler              
     [WEAK]
  205 0000001A                 EXPORT           EXINT1_IRQHandler              
     [WEAK]
  206 0000001A                 EXPORT           EXINT2_IRQHandler              
     [WEAK]
  207 0000001A                 EXPORT           EXINT3_IRQHandler              
     [WEAK]
  208 0000001A                 EXPORT           EXINT4_IRQHandler              
     [WEAK]
  209 0000001A                 EXPORT           DMA1_Channel1_IRQHandler       
     [WEAK]
  210 0000001A                 EXPORT           DMA1_Channel2_IRQHandler       
     [WEAK]
  211 0000001A                 EXPORT           DMA1_Channel3_IRQHandler       
     [WEAK]
  212 0000001A                 EXPORT           DMA1_Channel4_IRQHandler       
     [WEAK]
  213 0000001A                 EXPORT           DMA1_Channel5_IRQHandler       
     [WEAK]
  214 0000001A                 EXPORT           DMA1_Channel6_IRQHandler       
     [WEAK]
  215 0000001A                 EXPORT           DMA1_Channel7_IRQHandler       
     [WEAK]
  216 0000001A                 EXPORT           ADC1_2_IRQHandler              
     [WEAK]
  217 0000001A                 EXPORT           USBFS_H_CAN1_TX_IRQHandler     
     [WEAK]
  218 0000001A                 EXPORT           USBFS_L_CAN1_RX0_IRQHandler    
     [WEAK]
  219 0000001A                 EXPORT           CAN1_RX1_IRQHandler            
     [WEAK]
  220 0000001A                 EXPORT           CAN1_SE_IRQHandler             
     [WEAK]
  221 0000001A                 EXPORT           EXINT9_5_IRQHandler            
     [WEAK]
  222 0000001A                 EXPORT           TMR1_BRK_TMR9_IRQHandler       
     [WEAK]
  223 0000001A                 EXPORT           TMR1_OVF_TMR10_IRQHandler      
     [WEAK]
  224 0000001A                 EXPORT           TMR1_TRG_HALL_TMR11_IRQHandler 
     [WEAK]
  225 0000001A                 EXPORT           TMR1_CH_IRQHandler             
     [WEAK]
  226 0000001A                 EXPORT           TMR2_GLOBAL_IRQHandler         
     [WEAK]
  227 0000001A                 EXPORT           TMR3_GLOBAL_IRQHandler         
     [WEAK]
  228 0000001A                 EXPORT           TMR4_GLOBAL_IRQHandler         
     [WEAK]
  229 0000001A                 EXPORT           I2C1_EVT_IRQHandler            
     [WEAK]
  230 0000001A                 EXPORT           I2C1_ERR_IRQHandler            
     [WEAK]
  231 0000001A                 EXPORT           I2C2_EVT_IRQHandler            
     [WEAK]
  232 0000001A                 EXPORT           I2C2_ERR_IRQHandler            
     [WEAK]



ARM Macro Assembler    Page 7 


  233 0000001A                 EXPORT           SPI1_IRQHandler                
     [WEAK]
  234 0000001A                 EXPORT           SPI2_IRQHandler                
     [WEAK]
  235 0000001A                 EXPORT           USART1_IRQHandler              
     [WEAK]
  236 0000001A                 EXPORT           USART2_IRQHandler              
     [WEAK]
  237 0000001A                 EXPORT           USART3_IRQHandler              
     [WEAK]
  238 0000001A                 EXPORT           EXINT15_10_IRQHandler          
     [WEAK]
  239 0000001A                 EXPORT           RTCAlarm_IRQHandler            
     [WEAK]
  240 0000001A                 EXPORT           USBFSWakeUp_IRQHandler         
     [WEAK]
  241 0000001A                 EXPORT           TMR8_BRK_IRQHandler            
     [WEAK]
  242 0000001A                 EXPORT           TMR8_OVF_IRQHandler            
     [WEAK]
  243 0000001A                 EXPORT           TMR8_TRG_HALL_IRQHandler       
     [WEAK]
  244 0000001A                 EXPORT           TMR8_CH_IRQHandler             
     [WEAK]
  245 0000001A                 EXPORT           SDIO1_IRQHandler               
     [WEAK]
  246 0000001A                 EXPORT           TMR5_GLOBAL_IRQHandler         
     [WEAK]
  247 0000001A                 EXPORT           UART4_IRQHandler               
     [WEAK]
  248 0000001A                 EXPORT           UART5_IRQHandler               
     [WEAK]
  249 0000001A                 EXPORT           DMA2_Channel1_IRQHandler       
     [WEAK]
  250 0000001A                 EXPORT           DMA2_Channel2_IRQHandler       
     [WEAK]
  251 0000001A                 EXPORT           DMA2_Channel3_IRQHandler       
     [WEAK]
  252 0000001A                 EXPORT           DMA2_Channel4_5_IRQHandler     
     [WEAK]
  253 0000001A                 EXPORT           CAN2_TX_IRQHandler             
     [WEAK]
  254 0000001A                 EXPORT           CAN2_RX0_IRQHandler            
     [WEAK]
  255 0000001A                 EXPORT           CAN2_RX1_IRQHandler            
     [WEAK]
  256 0000001A                 EXPORT           CAN2_SE_IRQHandler             
     [WEAK]
  257 0000001A                 EXPORT           ACC_IRQHandler                 
     [WEAK]
  258 0000001A                 EXPORT           USBFS_MAPH_IRQHandler          
     [WEAK]
  259 0000001A                 EXPORT           USBFS_MAPL_IRQHandler          
     [WEAK]
  260 0000001A                 EXPORT           DMA2_Channel6_7_IRQHandler     
     [WEAK]
  261 0000001A         
  262 0000001A         WWDT_IRQHandler
  263 0000001A         PVM_IRQHandler



ARM Macro Assembler    Page 8 


  264 0000001A         TAMPER_IRQHandler
  265 0000001A         RTC_IRQHandler
  266 0000001A         FLASH_IRQHandler
  267 0000001A         CRM_IRQHandler
  268 0000001A         EXINT0_IRQHandler
  269 0000001A         EXINT1_IRQHandler
  270 0000001A         EXINT2_IRQHandler
  271 0000001A         EXINT3_IRQHandler
  272 0000001A         EXINT4_IRQHandler
  273 0000001A         DMA1_Channel1_IRQHandler
  274 0000001A         DMA1_Channel2_IRQHandler
  275 0000001A         DMA1_Channel3_IRQHandler
  276 0000001A         DMA1_Channel4_IRQHandler
  277 0000001A         DMA1_Channel5_IRQHandler
  278 0000001A         DMA1_Channel6_IRQHandler
  279 0000001A         DMA1_Channel7_IRQHandler
  280 0000001A         ADC1_2_IRQHandler
  281 0000001A         USBFS_H_CAN1_TX_IRQHandler
  282 0000001A         USBFS_L_CAN1_RX0_IRQHandler
  283 0000001A         CAN1_RX1_IRQHandler
  284 0000001A         CAN1_SE_IRQHandler
  285 0000001A         EXINT9_5_IRQHandler
  286 0000001A         TMR1_BRK_TMR9_IRQHandler
  287 0000001A         TMR1_OVF_TMR10_IRQHandler
  288 0000001A         TMR1_TRG_HALL_TMR11_IRQHandler
  289 0000001A         TMR1_CH_IRQHandler
  290 0000001A         TMR2_GLOBAL_IRQHandler
  291 0000001A         TMR3_GLOBAL_IRQHandler
  292 0000001A         TMR4_GLOBAL_IRQHandler
  293 0000001A         I2C1_EVT_IRQHandler
  294 0000001A         I2C1_ERR_IRQHandler
  295 0000001A         I2C2_EVT_IRQHandler
  296 0000001A         I2C2_ERR_IRQHandler
  297 0000001A         SPI1_IRQHandler
  298 0000001A         SPI2_IRQHandler
  299 0000001A         USART1_IRQHandler
  300 0000001A         USART2_IRQHandler
  301 0000001A         USART3_IRQHandler
  302 0000001A         EXINT15_10_IRQHandler
  303 0000001A         RTCAlarm_IRQHandler
  304 0000001A         USBFSWakeUp_IRQHandler
  305 0000001A         TMR8_BRK_IRQHandler
  306 0000001A         TMR8_OVF_IRQHandler
  307 0000001A         TMR8_TRG_HALL_IRQHandler
  308 0000001A         TMR8_CH_IRQHandler
  309 0000001A         SDIO1_IRQHandler
  310 0000001A         TMR5_GLOBAL_IRQHandler
  311 0000001A         UART4_IRQHandler
  312 0000001A         UART5_IRQHandler
  313 0000001A         DMA2_Channel1_IRQHandler
  314 0000001A         DMA2_Channel2_IRQHandler
  315 0000001A         DMA2_Channel3_IRQHandler
  316 0000001A         DMA2_Channel4_5_IRQHandler
  317 0000001A         CAN2_TX_IRQHandler
  318 0000001A         CAN2_RX0_IRQHandler
  319 0000001A         CAN2_RX1_IRQHandler
  320 0000001A         CAN2_SE_IRQHandler
  321 0000001A         ACC_IRQHandler
  322 0000001A         USBFS_MAPH_IRQHandler



ARM Macro Assembler    Page 9 


  323 0000001A         USBFS_MAPL_IRQHandler
  324 0000001A         DMA2_Channel6_7_IRQHandler
  325 0000001A E7FE            B                .
  326 0000001C         
  327 0000001C                 ENDP
  328 0000001C         
  329 0000001C                 ALIGN
  330 0000001C         
  331 0000001C         ;*******************************************************
                       ************************
  332 0000001C         ; User Stack and Heap initialization
  333 0000001C         ;*******************************************************
                       ************************
  334 0000001C                 IF               :DEF:__MICROLIB
  341 0000001C         
  342 0000001C                 IMPORT           __use_two_region_memory
  343 0000001C                 EXPORT           __user_initial_stackheap
  344 0000001C         
  345 0000001C         __user_initial_stackheap
  346 0000001C         
  347 0000001C 4804            LDR              R0, = Heap_Mem
  348 0000001E 4905            LDR              R1, = (Stack_Mem + Stack_Size)
  349 00000020 4A05            LDR              R2, = (Heap_Mem +  Heap_Size)
  350 00000022 4B06            LDR              R3, = Stack_Mem
  351 00000024 4770            BX               LR
  352 00000026         
  353 00000026 00 00           ALIGN
  354 00000028         
  355 00000028                 ENDIF
  356 00000028         
  357 00000028                 END
              00000000 
              00000000 
              00000000 
              00000400 
              00000200 
              00000000 
Command Line: --debug --xref --diag_suppress=9931 --cpu=Cortex-M4.fp.sp --apcs=
interwork --depend=.\objects\startup_at32f413.d -o.\objects\startup_at32f413.o 
-IC:\Users\uYanki\AppData\Local\Arm\Packs\ArteryTek\AT32F413_DFP\2.1.4\Device\I
nclude --predefine="__UVISION_VERSION SETA 535" --predefine="AT32F413CBT7 SETA 
1" --list=.\listings\startup_at32f413.lst ..\..\..\..\..\platform\AT32F413_Firm
ware_Library_V2.1.5\libraries\cmsis\cm4\device_support\startup\mdk\startup_at32
f413.s



ARM Macro Assembler    Page 1 Alphabetic symbol ordering
Relocatable symbols

STACK 00000000

Symbol: STACK
   Definitions
      At line 16 in file ..\..\..\..\..\platform\AT32F413_Firmware_Library_V2.1
.5\libraries\cmsis\cm4\device_support\startup\mdk\startup_at32f413.s
   Uses
      None
Comment: STACK unused
Stack_Mem 00000000

Symbol: Stack_Mem
   Definitions
      At line 17 in file ..\..\..\..\..\platform\AT32F413_Firmware_Library_V2.1
.5\libraries\cmsis\cm4\device_support\startup\mdk\startup_at32f413.s
   Uses
      At line 348 in file ..\..\..\..\..\platform\AT32F413_Firmware_Library_V2.
1.5\libraries\cmsis\cm4\device_support\startup\mdk\startup_at32f413.s
      At line 350 in file ..\..\..\..\..\platform\AT32F413_Firmware_Library_V2.
1.5\libraries\cmsis\cm4\device_support\startup\mdk\startup_at32f413.s

__initial_sp 00000400

Symbol: __initial_sp
   Definitions
      At line 18 in file ..\..\..\..\..\platform\AT32F413_Firmware_Library_V2.1
.5\libraries\cmsis\cm4\device_support\startup\mdk\startup_at32f413.s
   Uses
      At line 41 in file ..\..\..\..\..\platform\AT32F413_Firmware_Library_V2.1
.5\libraries\cmsis\cm4\device_support\startup\mdk\startup_at32f413.s
Comment: __initial_sp used once
3 symbols



ARM Macro Assembler    Page 1 Alphabetic symbol ordering
Relocatable symbols

HEAP 00000000

Symbol: HEAP
   Definitions
      At line 26 in file ..\..\..\..\..\platform\AT32F413_Firmware_Library_V2.1
.5\libraries\cmsis\cm4\device_support\startup\mdk\startup_at32f413.s
   Uses
      None
Comment: HEAP unused
Heap_Mem 00000000

Symbol: Heap_Mem
   Definitions
      At line 28 in file ..\..\..\..\..\platform\AT32F413_Firmware_Library_V2.1
.5\libraries\cmsis\cm4\device_support\startup\mdk\startup_at32f413.s
   Uses
      At line 347 in file ..\..\..\..\..\platform\AT32F413_Firmware_Library_V2.
1.5\libraries\cmsis\cm4\device_support\startup\mdk\startup_at32f413.s
      At line 349 in file ..\..\..\..\..\platform\AT32F413_Firmware_Library_V2.
1.5\libraries\cmsis\cm4\device_support\startup\mdk\startup_at32f413.s

__heap_base 00000000

Symbol: __heap_base
   Definitions
      At line 27 in file ..\..\..\..\..\platform\AT32F413_Firmware_Library_V2.1
.5\libraries\cmsis\cm4\device_support\startup\mdk\startup_at32f413.s
   Uses
      None
Comment: __heap_base unused
__heap_limit 00000200

Symbol: __heap_limit
   Definitions
      At line 29 in file ..\..\..\..\..\platform\AT32F413_Firmware_Library_V2.1
.5\libraries\cmsis\cm4\device_support\startup\mdk\startup_at32f413.s
   Uses
      None
Comment: __heap_limit unused
4 symbols



ARM Macro Assembler    Page 1 Alphabetic symbol ordering
Relocatable symbols

RESET 00000000

Symbol: RESET
   Definitions
      At line 36 in file ..\..\..\..\..\platform\AT32F413_Firmware_Library_V2.1
.5\libraries\cmsis\cm4\device_support\startup\mdk\startup_at32f413.s
   Uses
      None
Comment: RESET unused
__Vectors 00000000

Symbol: __Vectors
   Definitions
      At line 41 in file ..\..\..\..\..\platform\AT32F413_Firmware_Library_V2.1
.5\libraries\cmsis\cm4\device_support\startup\mdk\startup_at32f413.s
   Uses
      At line 37 in file ..\..\..\..\..\platform\AT32F413_Firmware_Library_V2.1
.5\libraries\cmsis\cm4\device_support\startup\mdk\startup_at32f413.s
      At line 137 in file ..\..\..\..\..\platform\AT32F413_Firmware_Library_V2.
1.5\libraries\cmsis\cm4\device_support\startup\mdk\startup_at32f413.s

__Vectors_End 00000170

Symbol: __Vectors_End
   Definitions
      At line 135 in file ..\..\..\..\..\platform\AT32F413_Firmware_Library_V2.
1.5\libraries\cmsis\cm4\device_support\startup\mdk\startup_at32f413.s
   Uses
      At line 38 in file ..\..\..\..\..\platform\AT32F413_Firmware_Library_V2.1
.5\libraries\cmsis\cm4\device_support\startup\mdk\startup_at32f413.s
      At line 137 in file ..\..\..\..\..\platform\AT32F413_Firmware_Library_V2.
1.5\libraries\cmsis\cm4\device_support\startup\mdk\startup_at32f413.s

3 symbols



ARM Macro Assembler    Page 1 Alphabetic symbol ordering
Relocatable symbols

.text 00000000

Symbol: .text
   Definitions
      At line 139 in file ..\..\..\..\..\platform\AT32F413_Firmware_Library_V2.
1.5\libraries\cmsis\cm4\device_support\startup\mdk\startup_at32f413.s
   Uses
      None
Comment: .text unused
ACC_IRQHandler 0000001A

Symbol: ACC_IRQHandler
   Definitions
      At line 321 in file ..\..\..\..\..\platform\AT32F413_Firmware_Library_V2.
1.5\libraries\cmsis\cm4\device_support\startup\mdk\startup_at32f413.s
   Uses
      At line 131 in file ..\..\..\..\..\platform\AT32F413_Firmware_Library_V2.
1.5\libraries\cmsis\cm4\device_support\startup\mdk\startup_at32f413.s
      At line 257 in file ..\..\..\..\..\platform\AT32F413_Firmware_Library_V2.
1.5\libraries\cmsis\cm4\device_support\startup\mdk\startup_at32f413.s

ADC1_2_IRQHandler 0000001A

Symbol: ADC1_2_IRQHandler
   Definitions
      At line 280 in file ..\..\..\..\..\platform\AT32F413_Firmware_Library_V2.
1.5\libraries\cmsis\cm4\device_support\startup\mdk\startup_at32f413.s
   Uses
      At line 77 in file ..\..\..\..\..\platform\AT32F413_Firmware_Library_V2.1
.5\libraries\cmsis\cm4\device_support\startup\mdk\startup_at32f413.s
      At line 216 in file ..\..\..\..\..\platform\AT32F413_Firmware_Library_V2.
1.5\libraries\cmsis\cm4\device_support\startup\mdk\startup_at32f413.s

BusFault_Handler 0000000E

Symbol: BusFault_Handler
   Definitions
      At line 169 in file ..\..\..\..\..\platform\AT32F413_Firmware_Library_V2.
1.5\libraries\cmsis\cm4\device_support\startup\mdk\startup_at32f413.s
   Uses
      At line 46 in file ..\..\..\..\..\platform\AT32F413_Firmware_Library_V2.1
.5\libraries\cmsis\cm4\device_support\startup\mdk\startup_at32f413.s
      At line 170 in file ..\..\..\..\..\platform\AT32F413_Firmware_Library_V2.
1.5\libraries\cmsis\cm4\device_support\startup\mdk\startup_at32f413.s

CAN1_RX1_IRQHandler 0000001A

Symbol: CAN1_RX1_IRQHandler
   Definitions
      At line 283 in file ..\..\..\..\..\platform\AT32F413_Firmware_Library_V2.
1.5\libraries\cmsis\cm4\device_support\startup\mdk\startup_at32f413.s
   Uses
      At line 80 in file ..\..\..\..\..\platform\AT32F413_Firmware_Library_V2.1
.5\libraries\cmsis\cm4\device_support\startup\mdk\startup_at32f413.s
      At line 219 in file ..\..\..\..\..\platform\AT32F413_Firmware_Library_V2.
1.5\libraries\cmsis\cm4\device_support\startup\mdk\startup_at32f413.s

CAN1_SE_IRQHandler 0000001A




ARM Macro Assembler    Page 2 Alphabetic symbol ordering
Relocatable symbols

Symbol: CAN1_SE_IRQHandler
   Definitions
      At line 284 in file ..\..\..\..\..\platform\AT32F413_Firmware_Library_V2.
1.5\libraries\cmsis\cm4\device_support\startup\mdk\startup_at32f413.s
   Uses
      At line 81 in file ..\..\..\..\..\platform\AT32F413_Firmware_Library_V2.1
.5\libraries\cmsis\cm4\device_support\startup\mdk\startup_at32f413.s
      At line 220 in file ..\..\..\..\..\platform\AT32F413_Firmware_Library_V2.
1.5\libraries\cmsis\cm4\device_support\startup\mdk\startup_at32f413.s

CAN2_RX0_IRQHandler 0000001A

Symbol: CAN2_RX0_IRQHandler
   Definitions
      At line 318 in file ..\..\..\..\..\platform\AT32F413_Firmware_Library_V2.
1.5\libraries\cmsis\cm4\device_support\startup\mdk\startup_at32f413.s
   Uses
      At line 128 in file ..\..\..\..\..\platform\AT32F413_Firmware_Library_V2.
1.5\libraries\cmsis\cm4\device_support\startup\mdk\startup_at32f413.s
      At line 254 in file ..\..\..\..\..\platform\AT32F413_Firmware_Library_V2.
1.5\libraries\cmsis\cm4\device_support\startup\mdk\startup_at32f413.s

CAN2_RX1_IRQHandler 0000001A

Symbol: CAN2_RX1_IRQHandler
   Definitions
      At line 319 in file ..\..\..\..\..\platform\AT32F413_Firmware_Library_V2.
1.5\libraries\cmsis\cm4\device_support\startup\mdk\startup_at32f413.s
   Uses
      At line 129 in file ..\..\..\..\..\platform\AT32F413_Firmware_Library_V2.
1.5\libraries\cmsis\cm4\device_support\startup\mdk\startup_at32f413.s
      At line 255 in file ..\..\..\..\..\platform\AT32F413_Firmware_Library_V2.
1.5\libraries\cmsis\cm4\device_support\startup\mdk\startup_at32f413.s

CAN2_SE_IRQHandler 0000001A

Symbol: CAN2_SE_IRQHandler
   Definitions
      At line 320 in file ..\..\..\..\..\platform\AT32F413_Firmware_Library_V2.
1.5\libraries\cmsis\cm4\device_support\startup\mdk\startup_at32f413.s
   Uses
      At line 130 in file ..\..\..\..\..\platform\AT32F413_Firmware_Library_V2.
1.5\libraries\cmsis\cm4\device_support\startup\mdk\startup_at32f413.s
      At line 256 in file ..\..\..\..\..\platform\AT32F413_Firmware_Library_V2.
1.5\libraries\cmsis\cm4\device_support\startup\mdk\startup_at32f413.s

CAN2_TX_IRQHandler 0000001A

Symbol: CAN2_TX_IRQHandler
   Definitions
      At line 317 in file ..\..\..\..\..\platform\AT32F413_Firmware_Library_V2.
1.5\libraries\cmsis\cm4\device_support\startup\mdk\startup_at32f413.s
   Uses
      At line 127 in file ..\..\..\..\..\platform\AT32F413_Firmware_Library_V2.
1.5\libraries\cmsis\cm4\device_support\startup\mdk\startup_at32f413.s
      At line 253 in file ..\..\..\..\..\platform\AT32F413_Firmware_Library_V2.
1.5\libraries\cmsis\cm4\device_support\startup\mdk\startup_at32f413.s

CRM_IRQHandler 0000001A



ARM Macro Assembler    Page 3 Alphabetic symbol ordering
Relocatable symbols


Symbol: CRM_IRQHandler
   Definitions
      At line 267 in file ..\..\..\..\..\platform\AT32F413_Firmware_Library_V2.
1.5\libraries\cmsis\cm4\device_support\startup\mdk\startup_at32f413.s
   Uses
      At line 64 in file ..\..\..\..\..\platform\AT32F413_Firmware_Library_V2.1
.5\libraries\cmsis\cm4\device_support\startup\mdk\startup_at32f413.s
      At line 203 in file ..\..\..\..\..\platform\AT32F413_Firmware_Library_V2.
1.5\libraries\cmsis\cm4\device_support\startup\mdk\startup_at32f413.s

DMA1_Channel1_IRQHandler 0000001A

Symbol: DMA1_Channel1_IRQHandler
   Definitions
      At line 273 in file ..\..\..\..\..\platform\AT32F413_Firmware_Library_V2.
1.5\libraries\cmsis\cm4\device_support\startup\mdk\startup_at32f413.s
   Uses
      At line 70 in file ..\..\..\..\..\platform\AT32F413_Firmware_Library_V2.1
.5\libraries\cmsis\cm4\device_support\startup\mdk\startup_at32f413.s
      At line 209 in file ..\..\..\..\..\platform\AT32F413_Firmware_Library_V2.
1.5\libraries\cmsis\cm4\device_support\startup\mdk\startup_at32f413.s

DMA1_Channel2_IRQHandler 0000001A

Symbol: DMA1_Channel2_IRQHandler
   Definitions
      At line 274 in file ..\..\..\..\..\platform\AT32F413_Firmware_Library_V2.
1.5\libraries\cmsis\cm4\device_support\startup\mdk\startup_at32f413.s
   Uses
      At line 71 in file ..\..\..\..\..\platform\AT32F413_Firmware_Library_V2.1
.5\libraries\cmsis\cm4\device_support\startup\mdk\startup_at32f413.s
      At line 210 in file ..\..\..\..\..\platform\AT32F413_Firmware_Library_V2.
1.5\libraries\cmsis\cm4\device_support\startup\mdk\startup_at32f413.s

DMA1_Channel3_IRQHandler 0000001A

Symbol: DMA1_Channel3_IRQHandler
   Definitions
      At line 275 in file ..\..\..\..\..\platform\AT32F413_Firmware_Library_V2.
1.5\libraries\cmsis\cm4\device_support\startup\mdk\startup_at32f413.s
   Uses
      At line 72 in file ..\..\..\..\..\platform\AT32F413_Firmware_Library_V2.1
.5\libraries\cmsis\cm4\device_support\startup\mdk\startup_at32f413.s
      At line 211 in file ..\..\..\..\..\platform\AT32F413_Firmware_Library_V2.
1.5\libraries\cmsis\cm4\device_support\startup\mdk\startup_at32f413.s

DMA1_Channel4_IRQHandler 0000001A

Symbol: DMA1_Channel4_IRQHandler
   Definitions
      At line 276 in file ..\..\..\..\..\platform\AT32F413_Firmware_Library_V2.
1.5\libraries\cmsis\cm4\device_support\startup\mdk\startup_at32f413.s
   Uses
      At line 73 in file ..\..\..\..\..\platform\AT32F413_Firmware_Library_V2.1
.5\libraries\cmsis\cm4\device_support\startup\mdk\startup_at32f413.s
      At line 212 in file ..\..\..\..\..\platform\AT32F413_Firmware_Library_V2.
1.5\libraries\cmsis\cm4\device_support\startup\mdk\startup_at32f413.s




ARM Macro Assembler    Page 4 Alphabetic symbol ordering
Relocatable symbols

DMA1_Channel5_IRQHandler 0000001A

Symbol: DMA1_Channel5_IRQHandler
   Definitions
      At line 277 in file ..\..\..\..\..\platform\AT32F413_Firmware_Library_V2.
1.5\libraries\cmsis\cm4\device_support\startup\mdk\startup_at32f413.s
   Uses
      At line 74 in file ..\..\..\..\..\platform\AT32F413_Firmware_Library_V2.1
.5\libraries\cmsis\cm4\device_support\startup\mdk\startup_at32f413.s
      At line 213 in file ..\..\..\..\..\platform\AT32F413_Firmware_Library_V2.
1.5\libraries\cmsis\cm4\device_support\startup\mdk\startup_at32f413.s

DMA1_Channel6_IRQHandler 0000001A

Symbol: DMA1_Channel6_IRQHandler
   Definitions
      At line 278 in file ..\..\..\..\..\platform\AT32F413_Firmware_Library_V2.
1.5\libraries\cmsis\cm4\device_support\startup\mdk\startup_at32f413.s
   Uses
      At line 75 in file ..\..\..\..\..\platform\AT32F413_Firmware_Library_V2.1
.5\libraries\cmsis\cm4\device_support\startup\mdk\startup_at32f413.s
      At line 214 in file ..\..\..\..\..\platform\AT32F413_Firmware_Library_V2.
1.5\libraries\cmsis\cm4\device_support\startup\mdk\startup_at32f413.s

DMA1_Channel7_IRQHandler 0000001A

Symbol: DMA1_Channel7_IRQHandler
   Definitions
      At line 279 in file ..\..\..\..\..\platform\AT32F413_Firmware_Library_V2.
1.5\libraries\cmsis\cm4\device_support\startup\mdk\startup_at32f413.s
   Uses
      At line 76 in file ..\..\..\..\..\platform\AT32F413_Firmware_Library_V2.1
.5\libraries\cmsis\cm4\device_support\startup\mdk\startup_at32f413.s
      At line 215 in file ..\..\..\..\..\platform\AT32F413_Firmware_Library_V2.
1.5\libraries\cmsis\cm4\device_support\startup\mdk\startup_at32f413.s

DMA2_Channel1_IRQHandler 0000001A

Symbol: DMA2_Channel1_IRQHandler
   Definitions
      At line 313 in file ..\..\..\..\..\platform\AT32F413_Firmware_Library_V2.
1.5\libraries\cmsis\cm4\device_support\startup\mdk\startup_at32f413.s
   Uses
      At line 115 in file ..\..\..\..\..\platform\AT32F413_Firmware_Library_V2.
1.5\libraries\cmsis\cm4\device_support\startup\mdk\startup_at32f413.s
      At line 249 in file ..\..\..\..\..\platform\AT32F413_Firmware_Library_V2.
1.5\libraries\cmsis\cm4\device_support\startup\mdk\startup_at32f413.s

DMA2_Channel2_IRQHandler 0000001A

Symbol: DMA2_Channel2_IRQHandler
   Definitions
      At line 314 in file ..\..\..\..\..\platform\AT32F413_Firmware_Library_V2.
1.5\libraries\cmsis\cm4\device_support\startup\mdk\startup_at32f413.s
   Uses
      At line 116 in file ..\..\..\..\..\platform\AT32F413_Firmware_Library_V2.
1.5\libraries\cmsis\cm4\device_support\startup\mdk\startup_at32f413.s
      At line 250 in file ..\..\..\..\..\platform\AT32F413_Firmware_Library_V2.
1.5\libraries\cmsis\cm4\device_support\startup\mdk\startup_at32f413.s



ARM Macro Assembler    Page 5 Alphabetic symbol ordering
Relocatable symbols


DMA2_Channel3_IRQHandler 0000001A

Symbol: DMA2_Channel3_IRQHandler
   Definitions
      At line 315 in file ..\..\..\..\..\platform\AT32F413_Firmware_Library_V2.
1.5\libraries\cmsis\cm4\device_support\startup\mdk\startup_at32f413.s
   Uses
      At line 117 in file ..\..\..\..\..\platform\AT32F413_Firmware_Library_V2.
1.5\libraries\cmsis\cm4\device_support\startup\mdk\startup_at32f413.s
      At line 251 in file ..\..\..\..\..\platform\AT32F413_Firmware_Library_V2.
1.5\libraries\cmsis\cm4\device_support\startup\mdk\startup_at32f413.s

DMA2_Channel4_5_IRQHandler 0000001A

Symbol: DMA2_Channel4_5_IRQHandler
   Definitions
      At line 316 in file ..\..\..\..\..\platform\AT32F413_Firmware_Library_V2.
1.5\libraries\cmsis\cm4\device_support\startup\mdk\startup_at32f413.s
   Uses
      At line 118 in file ..\..\..\..\..\platform\AT32F413_Firmware_Library_V2.
1.5\libraries\cmsis\cm4\device_support\startup\mdk\startup_at32f413.s
      At line 252 in file ..\..\..\..\..\platform\AT32F413_Firmware_Library_V2.
1.5\libraries\cmsis\cm4\device_support\startup\mdk\startup_at32f413.s

DMA2_Channel6_7_IRQHandler 0000001A

Symbol: DMA2_Channel6_7_IRQHandler
   Definitions
      At line 324 in file ..\..\..\..\..\platform\AT32F413_Firmware_Library_V2.
1.5\libraries\cmsis\cm4\device_support\startup\mdk\startup_at32f413.s
   Uses
      At line 134 in file ..\..\..\..\..\platform\AT32F413_Firmware_Library_V2.
1.5\libraries\cmsis\cm4\device_support\startup\mdk\startup_at32f413.s
      At line 260 in file ..\..\..\..\..\platform\AT32F413_Firmware_Library_V2.
1.5\libraries\cmsis\cm4\device_support\startup\mdk\startup_at32f413.s

DebugMon_Handler 00000014

Symbol: DebugMon_Handler
   Definitions
      At line 183 in file ..\..\..\..\..\platform\AT32F413_Firmware_Library_V2.
1.5\libraries\cmsis\cm4\device_support\startup\mdk\startup_at32f413.s
   Uses
      At line 53 in file ..\..\..\..\..\platform\AT32F413_Firmware_Library_V2.1
.5\libraries\cmsis\cm4\device_support\startup\mdk\startup_at32f413.s
      At line 184 in file ..\..\..\..\..\platform\AT32F413_Firmware_Library_V2.
1.5\libraries\cmsis\cm4\device_support\startup\mdk\startup_at32f413.s

Default_Handler 0000001A

Symbol: Default_Handler
   Definitions
      At line 196 in file ..\..\..\..\..\platform\AT32F413_Firmware_Library_V2.
1.5\libraries\cmsis\cm4\device_support\startup\mdk\startup_at32f413.s
   Uses
      None
Comment: Default_Handler unused
EXINT0_IRQHandler 0000001A



ARM Macro Assembler    Page 6 Alphabetic symbol ordering
Relocatable symbols


Symbol: EXINT0_IRQHandler
   Definitions
      At line 268 in file ..\..\..\..\..\platform\AT32F413_Firmware_Library_V2.
1.5\libraries\cmsis\cm4\device_support\startup\mdk\startup_at32f413.s
   Uses
      At line 65 in file ..\..\..\..\..\platform\AT32F413_Firmware_Library_V2.1
.5\libraries\cmsis\cm4\device_support\startup\mdk\startup_at32f413.s
      At line 204 in file ..\..\..\..\..\platform\AT32F413_Firmware_Library_V2.
1.5\libraries\cmsis\cm4\device_support\startup\mdk\startup_at32f413.s

EXINT15_10_IRQHandler 0000001A

Symbol: EXINT15_10_IRQHandler
   Definitions
      At line 302 in file ..\..\..\..\..\platform\AT32F413_Firmware_Library_V2.
1.5\libraries\cmsis\cm4\device_support\startup\mdk\startup_at32f413.s
   Uses
      At line 99 in file ..\..\..\..\..\platform\AT32F413_Firmware_Library_V2.1
.5\libraries\cmsis\cm4\device_support\startup\mdk\startup_at32f413.s
      At line 238 in file ..\..\..\..\..\platform\AT32F413_Firmware_Library_V2.
1.5\libraries\cmsis\cm4\device_support\startup\mdk\startup_at32f413.s

EXINT1_IRQHandler 0000001A

Symbol: EXINT1_IRQHandler
   Definitions
      At line 269 in file ..\..\..\..\..\platform\AT32F413_Firmware_Library_V2.
1.5\libraries\cmsis\cm4\device_support\startup\mdk\startup_at32f413.s
   Uses
      At line 66 in file ..\..\..\..\..\platform\AT32F413_Firmware_Library_V2.1
.5\libraries\cmsis\cm4\device_support\startup\mdk\startup_at32f413.s
      At line 205 in file ..\..\..\..\..\platform\AT32F413_Firmware_Library_V2.
1.5\libraries\cmsis\cm4\device_support\startup\mdk\startup_at32f413.s

EXINT2_IRQHandler 0000001A

Symbol: EXINT2_IRQHandler
   Definitions
      At line 270 in file ..\..\..\..\..\platform\AT32F413_Firmware_Library_V2.
1.5\libraries\cmsis\cm4\device_support\startup\mdk\startup_at32f413.s
   Uses
      At line 67 in file ..\..\..\..\..\platform\AT32F413_Firmware_Library_V2.1
.5\libraries\cmsis\cm4\device_support\startup\mdk\startup_at32f413.s
      At line 206 in file ..\..\..\..\..\platform\AT32F413_Firmware_Library_V2.
1.5\libraries\cmsis\cm4\device_support\startup\mdk\startup_at32f413.s

EXINT3_IRQHandler 0000001A

Symbol: EXINT3_IRQHandler
   Definitions
      At line 271 in file ..\..\..\..\..\platform\AT32F413_Firmware_Library_V2.
1.5\libraries\cmsis\cm4\device_support\startup\mdk\startup_at32f413.s
   Uses
      At line 68 in file ..\..\..\..\..\platform\AT32F413_Firmware_Library_V2.1
.5\libraries\cmsis\cm4\device_support\startup\mdk\startup_at32f413.s
      At line 207 in file ..\..\..\..\..\platform\AT32F413_Firmware_Library_V2.
1.5\libraries\cmsis\cm4\device_support\startup\mdk\startup_at32f413.s




ARM Macro Assembler    Page 7 Alphabetic symbol ordering
Relocatable symbols

EXINT4_IRQHandler 0000001A

Symbol: EXINT4_IRQHandler
   Definitions
      At line 272 in file ..\..\..\..\..\platform\AT32F413_Firmware_Library_V2.
1.5\libraries\cmsis\cm4\device_support\startup\mdk\startup_at32f413.s
   Uses
      At line 69 in file ..\..\..\..\..\platform\AT32F413_Firmware_Library_V2.1
.5\libraries\cmsis\cm4\device_support\startup\mdk\startup_at32f413.s
      At line 208 in file ..\..\..\..\..\platform\AT32F413_Firmware_Library_V2.
1.5\libraries\cmsis\cm4\device_support\startup\mdk\startup_at32f413.s

EXINT9_5_IRQHandler 0000001A

Symbol: EXINT9_5_IRQHandler
   Definitions
      At line 285 in file ..\..\..\..\..\platform\AT32F413_Firmware_Library_V2.
1.5\libraries\cmsis\cm4\device_support\startup\mdk\startup_at32f413.s
   Uses
      At line 82 in file ..\..\..\..\..\platform\AT32F413_Firmware_Library_V2.1
.5\libraries\cmsis\cm4\device_support\startup\mdk\startup_at32f413.s
      At line 221 in file ..\..\..\..\..\platform\AT32F413_Firmware_Library_V2.
1.5\libraries\cmsis\cm4\device_support\startup\mdk\startup_at32f413.s

FLASH_IRQHandler 0000001A

Symbol: FLASH_IRQHandler
   Definitions
      At line 266 in file ..\..\..\..\..\platform\AT32F413_Firmware_Library_V2.
1.5\libraries\cmsis\cm4\device_support\startup\mdk\startup_at32f413.s
   Uses
      At line 63 in file ..\..\..\..\..\platform\AT32F413_Firmware_Library_V2.1
.5\libraries\cmsis\cm4\device_support\startup\mdk\startup_at32f413.s
      At line 202 in file ..\..\..\..\..\platform\AT32F413_Firmware_Library_V2.
1.5\libraries\cmsis\cm4\device_support\startup\mdk\startup_at32f413.s

HardFault_Handler 0000000A

Symbol: HardFault_Handler
   Definitions
      At line 159 in file ..\..\..\..\..\platform\AT32F413_Firmware_Library_V2.
1.5\libraries\cmsis\cm4\device_support\startup\mdk\startup_at32f413.s
   Uses
      At line 44 in file ..\..\..\..\..\platform\AT32F413_Firmware_Library_V2.1
.5\libraries\cmsis\cm4\device_support\startup\mdk\startup_at32f413.s
      At line 160 in file ..\..\..\..\..\platform\AT32F413_Firmware_Library_V2.
1.5\libraries\cmsis\cm4\device_support\startup\mdk\startup_at32f413.s

I2C1_ERR_IRQHandler 0000001A

Symbol: I2C1_ERR_IRQHandler
   Definitions
      At line 294 in file ..\..\..\..\..\platform\AT32F413_Firmware_Library_V2.
1.5\libraries\cmsis\cm4\device_support\startup\mdk\startup_at32f413.s
   Uses
      At line 91 in file ..\..\..\..\..\platform\AT32F413_Firmware_Library_V2.1
.5\libraries\cmsis\cm4\device_support\startup\mdk\startup_at32f413.s
      At line 230 in file ..\..\..\..\..\platform\AT32F413_Firmware_Library_V2.
1.5\libraries\cmsis\cm4\device_support\startup\mdk\startup_at32f413.s



ARM Macro Assembler    Page 8 Alphabetic symbol ordering
Relocatable symbols


I2C1_EVT_IRQHandler 0000001A

Symbol: I2C1_EVT_IRQHandler
   Definitions
      At line 293 in file ..\..\..\..\..\platform\AT32F413_Firmware_Library_V2.
1.5\libraries\cmsis\cm4\device_support\startup\mdk\startup_at32f413.s
   Uses
      At line 90 in file ..\..\..\..\..\platform\AT32F413_Firmware_Library_V2.1
.5\libraries\cmsis\cm4\device_support\startup\mdk\startup_at32f413.s
      At line 229 in file ..\..\..\..\..\platform\AT32F413_Firmware_Library_V2.
1.5\libraries\cmsis\cm4\device_support\startup\mdk\startup_at32f413.s

I2C2_ERR_IRQHandler 0000001A

Symbol: I2C2_ERR_IRQHandler
   Definitions
      At line 296 in file ..\..\..\..\..\platform\AT32F413_Firmware_Library_V2.
1.5\libraries\cmsis\cm4\device_support\startup\mdk\startup_at32f413.s
   Uses
      At line 93 in file ..\..\..\..\..\platform\AT32F413_Firmware_Library_V2.1
.5\libraries\cmsis\cm4\device_support\startup\mdk\startup_at32f413.s
      At line 232 in file ..\..\..\..\..\platform\AT32F413_Firmware_Library_V2.
1.5\libraries\cmsis\cm4\device_support\startup\mdk\startup_at32f413.s

I2C2_EVT_IRQHandler 0000001A

Symbol: I2C2_EVT_IRQHandler
   Definitions
      At line 295 in file ..\..\..\..\..\platform\AT32F413_Firmware_Library_V2.
1.5\libraries\cmsis\cm4\device_support\startup\mdk\startup_at32f413.s
   Uses
      At line 92 in file ..\..\..\..\..\platform\AT32F413_Firmware_Library_V2.1
.5\libraries\cmsis\cm4\device_support\startup\mdk\startup_at32f413.s
      At line 231 in file ..\..\..\..\..\platform\AT32F413_Firmware_Library_V2.
1.5\libraries\cmsis\cm4\device_support\startup\mdk\startup_at32f413.s

MemManage_Handler 0000000C

Symbol: MemManage_Handler
   Definitions
      At line 164 in file ..\..\..\..\..\platform\AT32F413_Firmware_Library_V2.
1.5\libraries\cmsis\cm4\device_support\startup\mdk\startup_at32f413.s
   Uses
      At line 45 in file ..\..\..\..\..\platform\AT32F413_Firmware_Library_V2.1
.5\libraries\cmsis\cm4\device_support\startup\mdk\startup_at32f413.s
      At line 165 in file ..\..\..\..\..\platform\AT32F413_Firmware_Library_V2.
1.5\libraries\cmsis\cm4\device_support\startup\mdk\startup_at32f413.s

NMI_Handler 00000008

Symbol: NMI_Handler
   Definitions
      At line 154 in file ..\..\..\..\..\platform\AT32F413_Firmware_Library_V2.
1.5\libraries\cmsis\cm4\device_support\startup\mdk\startup_at32f413.s
   Uses
      At line 43 in file ..\..\..\..\..\platform\AT32F413_Firmware_Library_V2.1
.5\libraries\cmsis\cm4\device_support\startup\mdk\startup_at32f413.s
      At line 155 in file ..\..\..\..\..\platform\AT32F413_Firmware_Library_V2.



ARM Macro Assembler    Page 9 Alphabetic symbol ordering
Relocatable symbols

1.5\libraries\cmsis\cm4\device_support\startup\mdk\startup_at32f413.s

PVM_IRQHandler 0000001A

Symbol: PVM_IRQHandler
   Definitions
      At line 263 in file ..\..\..\..\..\platform\AT32F413_Firmware_Library_V2.
1.5\libraries\cmsis\cm4\device_support\startup\mdk\startup_at32f413.s
   Uses
      At line 60 in file ..\..\..\..\..\platform\AT32F413_Firmware_Library_V2.1
.5\libraries\cmsis\cm4\device_support\startup\mdk\startup_at32f413.s
      At line 199 in file ..\..\..\..\..\platform\AT32F413_Firmware_Library_V2.
1.5\libraries\cmsis\cm4\device_support\startup\mdk\startup_at32f413.s

PendSV_Handler 00000016

Symbol: PendSV_Handler
   Definitions
      At line 187 in file ..\..\..\..\..\platform\AT32F413_Firmware_Library_V2.
1.5\libraries\cmsis\cm4\device_support\startup\mdk\startup_at32f413.s
   Uses
      At line 55 in file ..\..\..\..\..\platform\AT32F413_Firmware_Library_V2.1
.5\libraries\cmsis\cm4\device_support\startup\mdk\startup_at32f413.s
      At line 188 in file ..\..\..\..\..\platform\AT32F413_Firmware_Library_V2.
1.5\libraries\cmsis\cm4\device_support\startup\mdk\startup_at32f413.s

RTCAlarm_IRQHandler 0000001A

Symbol: RTCAlarm_IRQHandler
   Definitions
      At line 303 in file ..\..\..\..\..\platform\AT32F413_Firmware_Library_V2.
1.5\libraries\cmsis\cm4\device_support\startup\mdk\startup_at32f413.s
   Uses
      At line 100 in file ..\..\..\..\..\platform\AT32F413_Firmware_Library_V2.
1.5\libraries\cmsis\cm4\device_support\startup\mdk\startup_at32f413.s
      At line 239 in file ..\..\..\..\..\platform\AT32F413_Firmware_Library_V2.
1.5\libraries\cmsis\cm4\device_support\startup\mdk\startup_at32f413.s

RTC_IRQHandler 0000001A

Symbol: RTC_IRQHandler
   Definitions
      At line 265 in file ..\..\..\..\..\platform\AT32F413_Firmware_Library_V2.
1.5\libraries\cmsis\cm4\device_support\startup\mdk\startup_at32f413.s
   Uses
      At line 62 in file ..\..\..\..\..\platform\AT32F413_Firmware_Library_V2.1
.5\libraries\cmsis\cm4\device_support\startup\mdk\startup_at32f413.s
      At line 201 in file ..\..\..\..\..\platform\AT32F413_Firmware_Library_V2.
1.5\libraries\cmsis\cm4\device_support\startup\mdk\startup_at32f413.s

Reset_Handler 00000000

Symbol: Reset_Handler
   Definitions
      At line 142 in file ..\..\..\..\..\platform\AT32F413_Firmware_Library_V2.
1.5\libraries\cmsis\cm4\device_support\startup\mdk\startup_at32f413.s
   Uses
      At line 42 in file ..\..\..\..\..\platform\AT32F413_Firmware_Library_V2.1
.5\libraries\cmsis\cm4\device_support\startup\mdk\startup_at32f413.s



ARM Macro Assembler    Page 10 Alphabetic symbol ordering
Relocatable symbols

      At line 143 in file ..\..\..\..\..\platform\AT32F413_Firmware_Library_V2.
1.5\libraries\cmsis\cm4\device_support\startup\mdk\startup_at32f413.s

SDIO1_IRQHandler 0000001A

Symbol: SDIO1_IRQHandler
   Definitions
      At line 309 in file ..\..\..\..\..\platform\AT32F413_Firmware_Library_V2.
1.5\libraries\cmsis\cm4\device_support\startup\mdk\startup_at32f413.s
   Uses
      At line 108 in file ..\..\..\..\..\platform\AT32F413_Firmware_Library_V2.
1.5\libraries\cmsis\cm4\device_support\startup\mdk\startup_at32f413.s
      At line 245 in file ..\..\..\..\..\platform\AT32F413_Firmware_Library_V2.
1.5\libraries\cmsis\cm4\device_support\startup\mdk\startup_at32f413.s

SPI1_IRQHandler 0000001A

Symbol: SPI1_IRQHandler
   Definitions
      At line 297 in file ..\..\..\..\..\platform\AT32F413_Firmware_Library_V2.
1.5\libraries\cmsis\cm4\device_support\startup\mdk\startup_at32f413.s
   Uses
      At line 94 in file ..\..\..\..\..\platform\AT32F413_Firmware_Library_V2.1
.5\libraries\cmsis\cm4\device_support\startup\mdk\startup_at32f413.s
      At line 233 in file ..\..\..\..\..\platform\AT32F413_Firmware_Library_V2.
1.5\libraries\cmsis\cm4\device_support\startup\mdk\startup_at32f413.s

SPI2_IRQHandler 0000001A

Symbol: SPI2_IRQHandler
   Definitions
      At line 298 in file ..\..\..\..\..\platform\AT32F413_Firmware_Library_V2.
1.5\libraries\cmsis\cm4\device_support\startup\mdk\startup_at32f413.s
   Uses
      At line 95 in file ..\..\..\..\..\platform\AT32F413_Firmware_Library_V2.1
.5\libraries\cmsis\cm4\device_support\startup\mdk\startup_at32f413.s
      At line 234 in file ..\..\..\..\..\platform\AT32F413_Firmware_Library_V2.
1.5\libraries\cmsis\cm4\device_support\startup\mdk\startup_at32f413.s

SVC_Handler 00000012

Symbol: SVC_Handler
   Definitions
      At line 178 in file ..\..\..\..\..\platform\AT32F413_Firmware_Library_V2.
1.5\libraries\cmsis\cm4\device_support\startup\mdk\startup_at32f413.s
   Uses
      At line 52 in file ..\..\..\..\..\platform\AT32F413_Firmware_Library_V2.1
.5\libraries\cmsis\cm4\device_support\startup\mdk\startup_at32f413.s
      At line 179 in file ..\..\..\..\..\platform\AT32F413_Firmware_Library_V2.
1.5\libraries\cmsis\cm4\device_support\startup\mdk\startup_at32f413.s

SysTick_Handler 00000018

Symbol: SysTick_Handler
   Definitions
      At line 191 in file ..\..\..\..\..\platform\AT32F413_Firmware_Library_V2.
1.5\libraries\cmsis\cm4\device_support\startup\mdk\startup_at32f413.s
   Uses
      At line 56 in file ..\..\..\..\..\platform\AT32F413_Firmware_Library_V2.1



ARM Macro Assembler    Page 11 Alphabetic symbol ordering
Relocatable symbols

.5\libraries\cmsis\cm4\device_support\startup\mdk\startup_at32f413.s
      At line 192 in file ..\..\..\..\..\platform\AT32F413_Firmware_Library_V2.
1.5\libraries\cmsis\cm4\device_support\startup\mdk\startup_at32f413.s

TAMPER_IRQHandler 0000001A

Symbol: TAMPER_IRQHandler
   Definitions
      At line 264 in file ..\..\..\..\..\platform\AT32F413_Firmware_Library_V2.
1.5\libraries\cmsis\cm4\device_support\startup\mdk\startup_at32f413.s
   Uses
      At line 61 in file ..\..\..\..\..\platform\AT32F413_Firmware_Library_V2.1
.5\libraries\cmsis\cm4\device_support\startup\mdk\startup_at32f413.s
      At line 200 in file ..\..\..\..\..\platform\AT32F413_Firmware_Library_V2.
1.5\libraries\cmsis\cm4\device_support\startup\mdk\startup_at32f413.s

TMR1_BRK_TMR9_IRQHandler 0000001A

Symbol: TMR1_BRK_TMR9_IRQHandler
   Definitions
      At line 286 in file ..\..\..\..\..\platform\AT32F413_Firmware_Library_V2.
1.5\libraries\cmsis\cm4\device_support\startup\mdk\startup_at32f413.s
   Uses
      At line 83 in file ..\..\..\..\..\platform\AT32F413_Firmware_Library_V2.1
.5\libraries\cmsis\cm4\device_support\startup\mdk\startup_at32f413.s
      At line 222 in file ..\..\..\..\..\platform\AT32F413_Firmware_Library_V2.
1.5\libraries\cmsis\cm4\device_support\startup\mdk\startup_at32f413.s

TMR1_CH_IRQHandler 0000001A

Symbol: TMR1_CH_IRQHandler
   Definitions
      At line 289 in file ..\..\..\..\..\platform\AT32F413_Firmware_Library_V2.
1.5\libraries\cmsis\cm4\device_support\startup\mdk\startup_at32f413.s
   Uses
      At line 86 in file ..\..\..\..\..\platform\AT32F413_Firmware_Library_V2.1
.5\libraries\cmsis\cm4\device_support\startup\mdk\startup_at32f413.s
      At line 225 in file ..\..\..\..\..\platform\AT32F413_Firmware_Library_V2.
1.5\libraries\cmsis\cm4\device_support\startup\mdk\startup_at32f413.s

TMR1_OVF_TMR10_IRQHandler 0000001A

Symbol: TMR1_OVF_TMR10_IRQHandler
   Definitions
      At line 287 in file ..\..\..\..\..\platform\AT32F413_Firmware_Library_V2.
1.5\libraries\cmsis\cm4\device_support\startup\mdk\startup_at32f413.s
   Uses
      At line 84 in file ..\..\..\..\..\platform\AT32F413_Firmware_Library_V2.1
.5\libraries\cmsis\cm4\device_support\startup\mdk\startup_at32f413.s
      At line 223 in file ..\..\..\..\..\platform\AT32F413_Firmware_Library_V2.
1.5\libraries\cmsis\cm4\device_support\startup\mdk\startup_at32f413.s

TMR1_TRG_HALL_TMR11_IRQHandler 0000001A

Symbol: TMR1_TRG_HALL_TMR11_IRQHandler
   Definitions
      At line 288 in file ..\..\..\..\..\platform\AT32F413_Firmware_Library_V2.
1.5\libraries\cmsis\cm4\device_support\startup\mdk\startup_at32f413.s
   Uses



ARM Macro Assembler    Page 12 Alphabetic symbol ordering
Relocatable symbols

      At line 85 in file ..\..\..\..\..\platform\AT32F413_Firmware_Library_V2.1
.5\libraries\cmsis\cm4\device_support\startup\mdk\startup_at32f413.s
      At line 224 in file ..\..\..\..\..\platform\AT32F413_Firmware_Library_V2.
1.5\libraries\cmsis\cm4\device_support\startup\mdk\startup_at32f413.s

TMR2_GLOBAL_IRQHandler 0000001A

Symbol: TMR2_GLOBAL_IRQHandler
   Definitions
      At line 290 in file ..\..\..\..\..\platform\AT32F413_Firmware_Library_V2.
1.5\libraries\cmsis\cm4\device_support\startup\mdk\startup_at32f413.s
   Uses
      At line 87 in file ..\..\..\..\..\platform\AT32F413_Firmware_Library_V2.1
.5\libraries\cmsis\cm4\device_support\startup\mdk\startup_at32f413.s
      At line 226 in file ..\..\..\..\..\platform\AT32F413_Firmware_Library_V2.
1.5\libraries\cmsis\cm4\device_support\startup\mdk\startup_at32f413.s

TMR3_GLOBAL_IRQHandler 0000001A

Symbol: TMR3_GLOBAL_IRQHandler
   Definitions
      At line 291 in file ..\..\..\..\..\platform\AT32F413_Firmware_Library_V2.
1.5\libraries\cmsis\cm4\device_support\startup\mdk\startup_at32f413.s
   Uses
      At line 88 in file ..\..\..\..\..\platform\AT32F413_Firmware_Library_V2.1
.5\libraries\cmsis\cm4\device_support\startup\mdk\startup_at32f413.s
      At line 227 in file ..\..\..\..\..\platform\AT32F413_Firmware_Library_V2.
1.5\libraries\cmsis\cm4\device_support\startup\mdk\startup_at32f413.s

TMR4_GLOBAL_IRQHandler 0000001A

Symbol: TMR4_GLOBAL_IRQHandler
   Definitions
      At line 292 in file ..\..\..\..\..\platform\AT32F413_Firmware_Library_V2.
1.5\libraries\cmsis\cm4\device_support\startup\mdk\startup_at32f413.s
   Uses
      At line 89 in file ..\..\..\..\..\platform\AT32F413_Firmware_Library_V2.1
.5\libraries\cmsis\cm4\device_support\startup\mdk\startup_at32f413.s
      At line 228 in file ..\..\..\..\..\platform\AT32F413_Firmware_Library_V2.
1.5\libraries\cmsis\cm4\device_support\startup\mdk\startup_at32f413.s

TMR5_GLOBAL_IRQHandler 0000001A

Symbol: TMR5_GLOBAL_IRQHandler
   Definitions
      At line 310 in file ..\..\..\..\..\platform\AT32F413_Firmware_Library_V2.
1.5\libraries\cmsis\cm4\device_support\startup\mdk\startup_at32f413.s
   Uses
      At line 109 in file ..\..\..\..\..\platform\AT32F413_Firmware_Library_V2.
1.5\libraries\cmsis\cm4\device_support\startup\mdk\startup_at32f413.s
      At line 246 in file ..\..\..\..\..\platform\AT32F413_Firmware_Library_V2.
1.5\libraries\cmsis\cm4\device_support\startup\mdk\startup_at32f413.s

TMR8_BRK_IRQHandler 0000001A

Symbol: TMR8_BRK_IRQHandler
   Definitions
      At line 305 in file ..\..\..\..\..\platform\AT32F413_Firmware_Library_V2.
1.5\libraries\cmsis\cm4\device_support\startup\mdk\startup_at32f413.s



ARM Macro Assembler    Page 13 Alphabetic symbol ordering
Relocatable symbols

   Uses
      At line 102 in file ..\..\..\..\..\platform\AT32F413_Firmware_Library_V2.
1.5\libraries\cmsis\cm4\device_support\startup\mdk\startup_at32f413.s
      At line 241 in file ..\..\..\..\..\platform\AT32F413_Firmware_Library_V2.
1.5\libraries\cmsis\cm4\device_support\startup\mdk\startup_at32f413.s

TMR8_CH_IRQHandler 0000001A

Symbol: TMR8_CH_IRQHandler
   Definitions
      At line 308 in file ..\..\..\..\..\platform\AT32F413_Firmware_Library_V2.
1.5\libraries\cmsis\cm4\device_support\startup\mdk\startup_at32f413.s
   Uses
      At line 105 in file ..\..\..\..\..\platform\AT32F413_Firmware_Library_V2.
1.5\libraries\cmsis\cm4\device_support\startup\mdk\startup_at32f413.s
      At line 244 in file ..\..\..\..\..\platform\AT32F413_Firmware_Library_V2.
1.5\libraries\cmsis\cm4\device_support\startup\mdk\startup_at32f413.s

TMR8_OVF_IRQHandler 0000001A

Symbol: TMR8_OVF_IRQHandler
   Definitions
      At line 306 in file ..\..\..\..\..\platform\AT32F413_Firmware_Library_V2.
1.5\libraries\cmsis\cm4\device_support\startup\mdk\startup_at32f413.s
   Uses
      At line 103 in file ..\..\..\..\..\platform\AT32F413_Firmware_Library_V2.
1.5\libraries\cmsis\cm4\device_support\startup\mdk\startup_at32f413.s
      At line 242 in file ..\..\..\..\..\platform\AT32F413_Firmware_Library_V2.
1.5\libraries\cmsis\cm4\device_support\startup\mdk\startup_at32f413.s

TMR8_TRG_HALL_IRQHandler 0000001A

Symbol: TMR8_TRG_HALL_IRQHandler
   Definitions
      At line 307 in file ..\..\..\..\..\platform\AT32F413_Firmware_Library_V2.
1.5\libraries\cmsis\cm4\device_support\startup\mdk\startup_at32f413.s
   Uses
      At line 104 in file ..\..\..\..\..\platform\AT32F413_Firmware_Library_V2.
1.5\libraries\cmsis\cm4\device_support\startup\mdk\startup_at32f413.s
      At line 243 in file ..\..\..\..\..\platform\AT32F413_Firmware_Library_V2.
1.5\libraries\cmsis\cm4\device_support\startup\mdk\startup_at32f413.s

UART4_IRQHandler 0000001A

Symbol: UART4_IRQHandler
   Definitions
      At line 311 in file ..\..\..\..\..\platform\AT32F413_Firmware_Library_V2.
1.5\libraries\cmsis\cm4\device_support\startup\mdk\startup_at32f413.s
   Uses
      At line 111 in file ..\..\..\..\..\platform\AT32F413_Firmware_Library_V2.
1.5\libraries\cmsis\cm4\device_support\startup\mdk\startup_at32f413.s
      At line 247 in file ..\..\..\..\..\platform\AT32F413_Firmware_Library_V2.
1.5\libraries\cmsis\cm4\device_support\startup\mdk\startup_at32f413.s

UART5_IRQHandler 0000001A

Symbol: UART5_IRQHandler
   Definitions
      At line 312 in file ..\..\..\..\..\platform\AT32F413_Firmware_Library_V2.



ARM Macro Assembler    Page 14 Alphabetic symbol ordering
Relocatable symbols

1.5\libraries\cmsis\cm4\device_support\startup\mdk\startup_at32f413.s
   Uses
      At line 112 in file ..\..\..\..\..\platform\AT32F413_Firmware_Library_V2.
1.5\libraries\cmsis\cm4\device_support\startup\mdk\startup_at32f413.s
      At line 248 in file ..\..\..\..\..\platform\AT32F413_Firmware_Library_V2.
1.5\libraries\cmsis\cm4\device_support\startup\mdk\startup_at32f413.s

USART1_IRQHandler 0000001A

Symbol: USART1_IRQHandler
   Definitions
      At line 299 in file ..\..\..\..\..\platform\AT32F413_Firmware_Library_V2.
1.5\libraries\cmsis\cm4\device_support\startup\mdk\startup_at32f413.s
   Uses
      At line 96 in file ..\..\..\..\..\platform\AT32F413_Firmware_Library_V2.1
.5\libraries\cmsis\cm4\device_support\startup\mdk\startup_at32f413.s
      At line 235 in file ..\..\..\..\..\platform\AT32F413_Firmware_Library_V2.
1.5\libraries\cmsis\cm4\device_support\startup\mdk\startup_at32f413.s

USART2_IRQHandler 0000001A

Symbol: USART2_IRQHandler
   Definitions
      At line 300 in file ..\..\..\..\..\platform\AT32F413_Firmware_Library_V2.
1.5\libraries\cmsis\cm4\device_support\startup\mdk\startup_at32f413.s
   Uses
      At line 97 in file ..\..\..\..\..\platform\AT32F413_Firmware_Library_V2.1
.5\libraries\cmsis\cm4\device_support\startup\mdk\startup_at32f413.s
      At line 236 in file ..\..\..\..\..\platform\AT32F413_Firmware_Library_V2.
1.5\libraries\cmsis\cm4\device_support\startup\mdk\startup_at32f413.s

USART3_IRQHandler 0000001A

Symbol: USART3_IRQHandler
   Definitions
      At line 301 in file ..\..\..\..\..\platform\AT32F413_Firmware_Library_V2.
1.5\libraries\cmsis\cm4\device_support\startup\mdk\startup_at32f413.s
   Uses
      At line 98 in file ..\..\..\..\..\platform\AT32F413_Firmware_Library_V2.1
.5\libraries\cmsis\cm4\device_support\startup\mdk\startup_at32f413.s
      At line 237 in file ..\..\..\..\..\platform\AT32F413_Firmware_Library_V2.
1.5\libraries\cmsis\cm4\device_support\startup\mdk\startup_at32f413.s

USBFSWakeUp_IRQHandler 0000001A

Symbol: USBFSWakeUp_IRQHandler
   Definitions
      At line 304 in file ..\..\..\..\..\platform\AT32F413_Firmware_Library_V2.
1.5\libraries\cmsis\cm4\device_support\startup\mdk\startup_at32f413.s
   Uses
      At line 101 in file ..\..\..\..\..\platform\AT32F413_Firmware_Library_V2.
1.5\libraries\cmsis\cm4\device_support\startup\mdk\startup_at32f413.s
      At line 240 in file ..\..\..\..\..\platform\AT32F413_Firmware_Library_V2.
1.5\libraries\cmsis\cm4\device_support\startup\mdk\startup_at32f413.s

USBFS_H_CAN1_TX_IRQHandler 0000001A

Symbol: USBFS_H_CAN1_TX_IRQHandler
   Definitions



ARM Macro Assembler    Page 15 Alphabetic symbol ordering
Relocatable symbols

      At line 281 in file ..\..\..\..\..\platform\AT32F413_Firmware_Library_V2.
1.5\libraries\cmsis\cm4\device_support\startup\mdk\startup_at32f413.s
   Uses
      At line 78 in file ..\..\..\..\..\platform\AT32F413_Firmware_Library_V2.1
.5\libraries\cmsis\cm4\device_support\startup\mdk\startup_at32f413.s
      At line 217 in file ..\..\..\..\..\platform\AT32F413_Firmware_Library_V2.
1.5\libraries\cmsis\cm4\device_support\startup\mdk\startup_at32f413.s

USBFS_L_CAN1_RX0_IRQHandler 0000001A

Symbol: USBFS_L_CAN1_RX0_IRQHandler
   Definitions
      At line 282 in file ..\..\..\..\..\platform\AT32F413_Firmware_Library_V2.
1.5\libraries\cmsis\cm4\device_support\startup\mdk\startup_at32f413.s
   Uses
      At line 79 in file ..\..\..\..\..\platform\AT32F413_Firmware_Library_V2.1
.5\libraries\cmsis\cm4\device_support\startup\mdk\startup_at32f413.s
      At line 218 in file ..\..\..\..\..\platform\AT32F413_Firmware_Library_V2.
1.5\libraries\cmsis\cm4\device_support\startup\mdk\startup_at32f413.s

USBFS_MAPH_IRQHandler 0000001A

Symbol: USBFS_MAPH_IRQHandler
   Definitions
      At line 322 in file ..\..\..\..\..\platform\AT32F413_Firmware_Library_V2.
1.5\libraries\cmsis\cm4\device_support\startup\mdk\startup_at32f413.s
   Uses
      At line 132 in file ..\..\..\..\..\platform\AT32F413_Firmware_Library_V2.
1.5\libraries\cmsis\cm4\device_support\startup\mdk\startup_at32f413.s
      At line 258 in file ..\..\..\..\..\platform\AT32F413_Firmware_Library_V2.
1.5\libraries\cmsis\cm4\device_support\startup\mdk\startup_at32f413.s

USBFS_MAPL_IRQHandler 0000001A

Symbol: USBFS_MAPL_IRQHandler
   Definitions
      At line 323 in file ..\..\..\..\..\platform\AT32F413_Firmware_Library_V2.
1.5\libraries\cmsis\cm4\device_support\startup\mdk\startup_at32f413.s
   Uses
      At line 133 in file ..\..\..\..\..\platform\AT32F413_Firmware_Library_V2.
1.5\libraries\cmsis\cm4\device_support\startup\mdk\startup_at32f413.s
      At line 259 in file ..\..\..\..\..\platform\AT32F413_Firmware_Library_V2.
1.5\libraries\cmsis\cm4\device_support\startup\mdk\startup_at32f413.s

UsageFault_Handler 00000010

Symbol: UsageFault_Handler
   Definitions
      At line 174 in file ..\..\..\..\..\platform\AT32F413_Firmware_Library_V2.
1.5\libraries\cmsis\cm4\device_support\startup\mdk\startup_at32f413.s
   Uses
      At line 47 in file ..\..\..\..\..\platform\AT32F413_Firmware_Library_V2.1
.5\libraries\cmsis\cm4\device_support\startup\mdk\startup_at32f413.s
      At line 175 in file ..\..\..\..\..\platform\AT32F413_Firmware_Library_V2.
1.5\libraries\cmsis\cm4\device_support\startup\mdk\startup_at32f413.s

WWDT_IRQHandler 0000001A

Symbol: WWDT_IRQHandler



ARM Macro Assembler    Page 16 Alphabetic symbol ordering
Relocatable symbols

   Definitions
      At line 262 in file ..\..\..\..\..\platform\AT32F413_Firmware_Library_V2.
1.5\libraries\cmsis\cm4\device_support\startup\mdk\startup_at32f413.s
   Uses
      At line 59 in file ..\..\..\..\..\platform\AT32F413_Firmware_Library_V2.1
.5\libraries\cmsis\cm4\device_support\startup\mdk\startup_at32f413.s
      At line 198 in file ..\..\..\..\..\platform\AT32F413_Firmware_Library_V2.
1.5\libraries\cmsis\cm4\device_support\startup\mdk\startup_at32f413.s

__user_initial_stackheap 0000001C

Symbol: __user_initial_stackheap
   Definitions
      At line 345 in file ..\..\..\..\..\platform\AT32F413_Firmware_Library_V2.
1.5\libraries\cmsis\cm4\device_support\startup\mdk\startup_at32f413.s
   Uses
      At line 343 in file ..\..\..\..\..\platform\AT32F413_Firmware_Library_V2.
1.5\libraries\cmsis\cm4\device_support\startup\mdk\startup_at32f413.s
Comment: __user_initial_stackheap used once
76 symbols



ARM Macro Assembler    Page 1 Alphabetic symbol ordering
Absolute symbols

Heap_Size 00000200

Symbol: Heap_Size
   Definitions
      At line 24 in file ..\..\..\..\..\platform\AT32F413_Firmware_Library_V2.1
.5\libraries\cmsis\cm4\device_support\startup\mdk\startup_at32f413.s
   Uses
      At line 28 in file ..\..\..\..\..\platform\AT32F413_Firmware_Library_V2.1
.5\libraries\cmsis\cm4\device_support\startup\mdk\startup_at32f413.s
      At line 349 in file ..\..\..\..\..\platform\AT32F413_Firmware_Library_V2.
1.5\libraries\cmsis\cm4\device_support\startup\mdk\startup_at32f413.s

Stack_Size 00000400

Symbol: Stack_Size
   Definitions
      At line 14 in file ..\..\..\..\..\platform\AT32F413_Firmware_Library_V2.1
.5\libraries\cmsis\cm4\device_support\startup\mdk\startup_at32f413.s
   Uses
      At line 17 in file ..\..\..\..\..\platform\AT32F413_Firmware_Library_V2.1
.5\libraries\cmsis\cm4\device_support\startup\mdk\startup_at32f413.s
      At line 348 in file ..\..\..\..\..\platform\AT32F413_Firmware_Library_V2.
1.5\libraries\cmsis\cm4\device_support\startup\mdk\startup_at32f413.s

__Vectors_Size 00000170

Symbol: __Vectors_Size
   Definitions
      At line 137 in file ..\..\..\..\..\platform\AT32F413_Firmware_Library_V2.
1.5\libraries\cmsis\cm4\device_support\startup\mdk\startup_at32f413.s
   Uses
      At line 39 in file ..\..\..\..\..\platform\AT32F413_Firmware_Library_V2.1
.5\libraries\cmsis\cm4\device_support\startup\mdk\startup_at32f413.s
Comment: __Vectors_Size used once
3 symbols



ARM Macro Assembler    Page 1 Alphabetic symbol ordering
External symbols

SystemInit 00000000

Symbol: SystemInit
   Definitions
      At line 145 in file ..\..\..\..\..\platform\AT32F413_Firmware_Library_V2.
1.5\libraries\cmsis\cm4\device_support\startup\mdk\startup_at32f413.s
   Uses
      At line 146 in file ..\..\..\..\..\platform\AT32F413_Firmware_Library_V2.
1.5\libraries\cmsis\cm4\device_support\startup\mdk\startup_at32f413.s
Comment: SystemInit used once
__main 00000000

Symbol: __main
   Definitions
      At line 144 in file ..\..\..\..\..\platform\AT32F413_Firmware_Library_V2.
1.5\libraries\cmsis\cm4\device_support\startup\mdk\startup_at32f413.s
   Uses
      At line 148 in file ..\..\..\..\..\platform\AT32F413_Firmware_Library_V2.
1.5\libraries\cmsis\cm4\device_support\startup\mdk\startup_at32f413.s
Comment: __main used once
__use_two_region_memory 00000000

Symbol: __use_two_region_memory
   Definitions
      At line 342 in file ..\..\..\..\..\platform\AT32F413_Firmware_Library_V2.
1.5\libraries\cmsis\cm4\device_support\startup\mdk\startup_at32f413.s
   Uses
      None
Comment: __use_two_region_memory unused
3 symbols
429 symbols in table
